<?xml version="1.0" encoding="UTF-8" ?>
<testsuite errors="0" failures="0" hostname="Kaewalins-Air" name="RationalTest" skipped="0" tests="8" time="0.073" timestamp="2023-09-13T16:22:47">
  <properties>
[...]
</properties>
  <testcase classname="RationalTest" name="testCompareTo2" time="0.004" />
  <testcase classname="RationalTest" name="testCompareTo3" time="0.001" />
  <testcase classname="RationalTest" name="testAdd" time="0.0" />
  <testcase classname="RationalTest" name="testCompareTo" time="0.0" />
  <testcase classname="RationalTest" name="testSubstract" time="0.0" />
  <testcase classname="RationalTest" name="testDivide" time="0.0" />
  <testcase classname="RationalTest" name="testEquals" time="0.0" />
  <testcase classname="RationalTest" name="testMultiply" time="0.001" />
  <system-out><![CDATA[]]></system-out>
  <system-err><![CDATA[]]></system-err>
</testsuite>
